<?xml version="1.0" encoding="utf-8"?><testsuites name="pytest tests"><testsuite name="pytest" errors="0" failures="0" skipped="0" tests="18" time="1.981" timestamp="2026-09-21T07:15:50.326025+00:00" hostname="agent-env-29fa8327-c21c-4f6e-ada0-9b7ce0722f02"><testcase classname="tests.test_safarway_api.TestHealth" name="test_health" time="0.156" /><testcase classname="tests.test_safarway_api.TestAuth" name="test_request_otp_returns_dev_code" time="0.064" /><testcase classname="tests.test_safarway_api.TestAuth" name="test_invalid_phone_returns_422" time="0.063" /><testcase classname="tests.test_safarway_api.TestAuth" name="test_invalid_otp_returns_400" time="0.131" /><testcase classname="tests.test_safarway_api.TestAuth" name="test_verify_returns_token_and_user" time="0.130" /><testcase classname="tests.test_safarway_api.TestMe" name="test_me_without_token_returns_401" time="0.066" /><testcase classname="tests.test_safarway_api.TestMe" name="test_me_with_token" time="0.064" /><testcase classname="tests.test_safarway_api.TestIdVerify" name="test_verify_aadhaar" time="0.127" /><testcase classname="tests.test_safarway_api.TestRidesList" name="test_list_all_rides" time="0.066" /><testcase classname="tests.test_safarway_api.TestRidesList" name="test_filter_mode_commercial" time="0.066" /><testcase classname="tests.test_safarway_api.TestRidesList" name="test_filter_mode_petrol_save" time="0.064" /><testcase classname="tests.test_safarway_api.TestRidesList" name="test_filter_vehicle_type_cab" time="0.064" /><testcase classname="tests.test_safarway_api.TestRidesList" name="test_filter_from_location" time="0.064" /><testcase classname="tests.test_safarway_api.TestRideCreate" name="test_create_and_list_mine" time="0.193" /><testcase classname="tests.test_safarway_api.TestBooking" name="test_book_fails_without_id_verification" time="0.195" /><testcase classname="tests.test_safarway_api.TestBooking" name="test_book_with_coupon_and_active_booking" time="0.157" /><testcase classname="tests.test_safarway_api.TestBooking" name="test_book_db_ride_decrements_seats" time="0.194" /><testcase classname="tests.test_safarway_api.TestSos" name="test_sos" time="0.065" /></testsuite></testsuites>